# JRE version: OpenJDK Runtime Environment Corretto-17.0.12.7.1 (17.0.12+7) (build 17.0.12+7-LTS)
# Java VM: OpenJDK 64-Bit Server VM Corretto-17.0.12.7.1 (17.0.12+7-LTS, mixed mode, emulated-client, sharing, tiered, compressed oops, compressed class ptrs, g1 gc, windows-amd64)
GC Precious Log:
 CPUs: 20 total, 20 available
 Memory: 16139M
 Large Page Support: Disabled
 NUMA Support: Disabled
 Compressed Oops: Enabled (Zero based)
 Heap Region Size: 2M
 Heap Min Capacity: 8M
 Heap Initial Capacity: 254M
 Heap Max Capacity: 4036M
 Pre-touch: Disabled
 Parallel Workers: 15
 Concurrent Workers: 4
 Concurrent Refinement Workers: 15
 Periodic GC: Disabled
Heap:
 garbage-first heap   total 102400K, used 41217K [0x0000000703c00000, 0x0000000800000000)
  region size 2048K, 3 young (6144K), 3 survivors (6144K)
 Metaspace       used 60033K, committed 60480K, reserved 1114112K
  class space    used 8225K, committed 8448K, reserved 1048576K
GC Heap History (20 events):
Event: 0.975 GC heap before
{Heap before GC invocations=3 (full 0):
 garbage-first heap   total 260096K, used 64734K [0x0000000703c00000, 0x0000000800000000)
  region size 2048K, 28 young (57344K), 2 survivors (4096K)
 Metaspace       used 21281K, committed 21504K, reserved 1114112K
  class space    used 2734K, committed 2816K, reserved 1048576K
}
Event: 0.978 GC heap after
{Heap after GC invocations=4 (full 0):
 garbage-first heap   total 260096K, used 19752K [0x0000000703c00000, 0x0000000800000000)
  region size 2048K, 4 young (8192K), 4 survivors (8192K)
 Metaspace       used 21281K, committed 21504K, reserved 1114112K
  class space    used 2734K, committed 2816K, reserved 1048576K
}
Event: 1.190 GC heap before
{Heap before GC invocations=5 (full 0):
 garbage-first heap   total 75776K, used 56616K [0x0000000703c00000, 0x0000000800000000)
  region size 2048K, 23 young (47104K), 4 survivors (8192K)
 Metaspace       used 25025K, committed 25408K, reserved 1114112K
  class space    used 3214K, committed 3392K, reserved 1048576K
}
Event: 1.194 GC heap after
{Heap after GC invocations=6 (full 0):
 garbage-first heap   total 75776K, used 21807K [0x0000000703c00000, 0x0000000800000000)
  region size 2048K, 5 young (10240K), 5 survivors (10240K)
 Metaspace       used 25025K, committed 25408K, reserved 1114112K
  class space    used 3214K, committed 3392K, reserved 1048576K
}
Event: 1.210 GC heap before
{Heap before GC invocations=6 (full 0):
 garbage-first heap   total 75776K, used 23855K [0x0000000703c00000, 0x0000000800000000)
  region size 2048K, 6 young (12288K), 5 survivors (10240K)
 Metaspace       used 25176K, committed 25600K, reserved 1114112K
  class space    used 3245K, committed 3456K, reserved 1048576K
}
Event: 1.215 GC heap after
{Heap after GC invocations=7 (full 0):
 garbage-first heap   total 75776K, used 23016K [0x0000000703c00000, 0x0000000800000000)
  region size 2048K, 1 young (2048K), 1 survivors (2048K)
 Metaspace       used 25176K, committed 25600K, reserved 1114112K
  class space    used 3245K, committed 3456K, reserved 1048576K
}
Event: 1.406 GC heap before
{Heap before GC invocations=7 (full 0):
 garbage-first heap   total 75776K, used 47592K [0x0000000703c00000, 0x0000000800000000)
  region size 2048K, 14 young (28672K), 1 survivors (2048K)
 Metaspace       used 28135K, committed 28544K, reserved 1114112K
  class space    used 3691K, committed 3904K, reserved 1048576K
}
Event: 1.408 GC heap after
{Heap after GC invocations=8 (full 0):
 garbage-first heap   total 139264K, used 23304K [0x0000000703c00000, 0x0000000800000000)
  region size 2048K, 1 young (2048K), 1 survivors (2048K)
 Metaspace       used 28135K, committed 28544K, reserved 1114112K
  class space    used 3691K, committed 3904K, reserved 1048576K
}
Event: 1.843 GC heap before
{Heap before GC invocations=8 (full 0):
 garbage-first heap   total 139264K, used 80648K [0x0000000703c00000, 0x0000000800000000)
  region size 2048K, 30 young (61440K), 1 survivors (2048K)
 Metaspace       used 35676K, committed 36096K, reserved 1114112K
  class space    used 4941K, committed 5184K, reserved 1048576K
}
Event: 1.846 GC heap after
{Heap after GC invocations=9 (full 0):
 garbage-first heap   total 139264K, used 27022K [0x0000000703c00000, 0x0000000800000000)
  region size 2048K, 3 young (6144K), 3 survivors (6144K)
 Metaspace       used 35676K, committed 36096K, reserved 1114112K
  class space    used 4941K, committed 5184K, reserved 1048576K
}
Event: 2.245 GC heap before
{Heap before GC invocations=10 (full 0):
 garbage-first heap   total 102400K, used 82318K [0x0000000703c00000, 0x0000000800000000)
  region size 2048K, 30 young (61440K), 3 survivors (6144K)
 Metaspace       used 45660K, committed 46144K, reserved 1114112K
  class space    used 6204K, committed 6464K, reserved 1048576K
}
Event: 2.249 GC heap after
{Heap after GC invocations=11 (full 0):
 garbage-first heap   total 102400K, used 33830K [0x0000000703c00000, 0x0000000800000000)
  region size 2048K, 4 young (8192K), 4 survivors (8192K)
 Metaspace       used 45660K, committed 46144K, reserved 1114112K
  class space    used 6204K, committed 6464K, reserved 1048576K
}
Event: 2.259 GC heap before
{Heap before GC invocations=11 (full 0):
 garbage-first heap   total 102400K, used 35878K [0x0000000703c00000, 0x0000000800000000)
  region size 2048K, 5 young (10240K), 4 survivors (8192K)
 Metaspace       used 45809K, committed 46272K, reserved 1114112K
  class space    used 6227K, committed 6464K, reserved 1048576K
}
Event: 2.261 GC heap after
{Heap after GC invocations=12 (full 0):
 garbage-first heap   total 102400K, used 35234K [0x0000000703c00000, 0x0000000800000000)
  region size 2048K, 1 young (2048K), 1 survivors (2048K)
 Metaspace       used 45809K, committed 46272K, reserved 1114112K
  class space    used 6227K, committed 6464K, reserved 1048576K
}
Event: 2.553 GC heap before
{Heap before GC invocations=12 (full 0):
 garbage-first heap   total 102400K, used 74146K [0x0000000703c00000, 0x0000000800000000)
  region size 2048K, 20 young (40960K), 1 survivors (2048K)
 Metaspace       used 51870K, committed 52416K, reserved 1114112K
  class space    used 7056K, committed 7296K, reserved 1048576K
}
Event: 2.555 GC heap after
{Heap after GC invocations=13 (full 0):
 garbage-first heap   total 102400K, used 36561K [0x0000000703c00000, 0x0000000800000000)
  region size 2048K, 2 young (4096K), 2 survivors (4096K)
 Metaspace       used 51870K, committed 52416K, reserved 1114112K
  class space    used 7056K, committed 7296K, reserved 1048576K
}
Event: 3.095 GC heap before
{Heap before GC invocations=13 (full 0):
 garbage-first heap   total 102400K, used 75473K [0x0000000703c00000, 0x0000000800000000)
  region size 2048K, 21 young (43008K), 2 survivors (4096K)
 Metaspace       used 56084K, committed 56640K, reserved 1114112K
  class space    used 7696K, committed 8000K, reserved 1048576K
}
Event: 3.099 GC heap after
{Heap after GC invocations=14 (full 0):
 garbage-first heap   total 102400K, used 39566K [0x0000000703c00000, 0x0000000800000000)
  region size 2048K, 3 young (6144K), 3 survivors (6144K)
 Metaspace       used 56084K, committed 56640K, reserved 1114112K
  class space    used 7696K, committed 8000K, reserved 1048576K
}
Event: 3.316 GC heap before
{Heap before GC invocations=14 (full 0):
 garbage-first heap   total 102400K, used 60046K [0x0000000703c00000, 0x0000000800000000)
  region size 2048K, 15 young (30720K), 3 survivors (6144K)
 Metaspace       used 60033K, committed 60480K, reserved 1114112K
  class space    used 8225K, committed 8448K, reserved 1048576K
}
Event: 3.319 GC heap after
{Heap after GC invocations=15 (full 0):
 garbage-first heap   total 102400K, used 41217K [0x0000000703c00000, 0x0000000800000000)
  region size 2048K, 3 young (6144K), 3 survivors (6144K)
 Metaspace       used 60033K, committed 60480K, reserved 1114112K
  class space    used 8225K, committed 8448K, reserved 1048576K
}

